<?xml version="1.0" encoding="UTF-8"?>
<!-- Generated by org.testng.reporters.JUnitXMLReporter -->
<testsuite hostname="DESKTOP-4HFEPRR" ignored="0" name="Default test" tests="1" failures="0" timestamp="04 Mar 2020 07:34:16 GMT" time="18.84" errors="0">
  <testcase name="@BeforeMethod setUp" time="18.751" classname="com.training.sanity.tests.LoginTests">
    <failure type="org.openqa.selenium.SessionNotCreatedException" message="session not created
from chrome not reachable
  (Session info: chrome=80.0.3987.122)
Build info: version: &amp;apos;3.6.0&amp;apos;, revision: &amp;apos;6fbf3ec767&amp;apos;, time: &amp;apos;2017-09-27T15:28:36.4Z&amp;apos;
System info: host: &amp;apos;DESKTOP-4HFEPRR&amp;apos;, ip: &amp;apos;9.76.164.164&amp;apos;, os.name: &amp;apos;Windows 10&amp;apos;, os.arch: &amp;apos;amd64&amp;apos;, os.version: &amp;apos;10.0&amp;apos;, java.version: &amp;apos;1.8.0_231&amp;apos;
Driver info: driver.version: ChromeDriver
remote stacktrace: Backtrace:
	Ordinal0 [0x0043A113+1548563]
	Ordinal0 [0x003BDDA1+1039777]
	Ordinal0 [0x0033E32E+516910]
	Ordinal0 [0x00338012+491538]
	Ordinal0 [0x003386EB+493291]
	Ordinal0 [0x00339855+497749]
	Ordinal0 [0x00335885+481413]
	Ordinal0 [0x0033F0D0+520400]
	Ordinal0 [0x002EC030+180272]
	Ordinal0 [0x002EB59D+177565]
	Ordinal0 [0x002E95FB+169467]
	Ordinal0 [0x002D160A+71178]
	Ordinal0 [0x002D2690+75408]
	Ordinal0 [0x002D2629+75305]
	Ordinal0 [0x003D71B7+1143223]
	GetHandleVerifier [0x004D2B46+507814]
	GetHandleVerifier [0x004D2864+507076]
	GetHandleVerifier [0x004D9F47+537511]
	GetHandleVerifier [0x004D3402+510050]
	Ordinal0 [0x003CF29C+1110684]
	Ordinal0 [0x003D938B+1151883]
	Ordinal0 [0x003D94F3+1152243]
	Ordinal0 [0x003D83F5+1147893]
	BaseThreadInitThunk [0x75556359+25]
	RtlGetAppContainerNamedObjectPath [0x77877B74+228]
	RtlGetAppContainerNamedObjectPath [0x77877B44+180]
">
      <![CDATA[org.openqa.selenium.SessionNotCreatedException: session not created
from chrome not reachable
  (Session info: chrome=80.0.3987.122)
Build info: version: '3.6.0', revision: '6fbf3ec767', time: '2017-09-27T15:28:36.4Z'
System info: host: 'DESKTOP-4HFEPRR', ip: '9.76.164.164', os.name: 'Windows 10', os.arch: 'amd64', os.version: '10.0', java.version: '1.8.0_231'
Driver info: driver.version: ChromeDriver
remote stacktrace: Backtrace:
	Ordinal0 [0x0043A113+1548563]
	Ordinal0 [0x003BDDA1+1039777]
	Ordinal0 [0x0033E32E+516910]
	Ordinal0 [0x00338012+491538]
	Ordinal0 [0x003386EB+493291]
	Ordinal0 [0x00339855+497749]
	Ordinal0 [0x00335885+481413]
	Ordinal0 [0x0033F0D0+520400]
	Ordinal0 [0x002EC030+180272]
	Ordinal0 [0x002EB59D+177565]
	Ordinal0 [0x002E95FB+169467]
	Ordinal0 [0x002D160A+71178]
	Ordinal0 [0x002D2690+75408]
	Ordinal0 [0x002D2629+75305]
	Ordinal0 [0x003D71B7+1143223]
	GetHandleVerifier [0x004D2B46+507814]
	GetHandleVerifier [0x004D2864+507076]
	GetHandleVerifier [0x004D9F47+537511]
	GetHandleVerifier [0x004D3402+510050]
	Ordinal0 [0x003CF29C+1110684]
	Ordinal0 [0x003D938B+1151883]
	Ordinal0 [0x003D94F3+1152243]
	Ordinal0 [0x003D83F5+1147893]
	BaseThreadInitThunk [0x75556359+25]
	RtlGetAppContainerNamedObjectPath [0x77877B74+228]
	RtlGetAppContainerNamedObjectPath [0x77877B44+180]

	at sun.reflect.NativeConstructorAccessorImpl.newInstance0(Native Method)
	at sun.reflect.NativeConstructorAccessorImpl.newInstance(Unknown Source)
	at sun.reflect.DelegatingConstructorAccessorImpl.newInstance(Unknown Source)
	at java.lang.reflect.Constructor.newInstance(Unknown Source)
	at org.openqa.selenium.remote.W3CHandshakeResponse.lambda$new$0(W3CHandshakeResponse.java:57)
	at org.openqa.selenium.remote.W3CHandshakeResponse.lambda$getResponseFunction$2(W3CHandshakeResponse.java:104)
	at org.openqa.selenium.remote.ProtocolHandshake.lambda$createSession$24(ProtocolHandshake.java:359)
	at java.util.stream.ReferencePipeline$3$1.accept(Unknown Source)
	at java.util.Spliterators$ArraySpliterator.tryAdvance(Unknown Source)
	at java.util.stream.ReferencePipeline.forEachWithCancel(Unknown Source)
	at java.util.stream.AbstractPipeline.copyIntoWithCancel(Unknown Source)
	at java.util.stream.AbstractPipeline.copyInto(Unknown Source)
	at java.util.stream.AbstractPipeline.wrapAndCopyInto(Unknown Source)
	at java.util.stream.FindOps$FindOp.evaluateSequential(Unknown Source)
	at java.util.stream.AbstractPipeline.evaluate(Unknown Source)
	at java.util.stream.ReferencePipeline.findFirst(Unknown Source)
	at org.openqa.selenium.remote.ProtocolHandshake.createSession(ProtocolHandshake.java:362)
	at org.openqa.selenium.remote.ProtocolHandshake.createSession(ProtocolHandshake.java:136)
	at org.openqa.selenium.remote.HttpCommandExecutor.execute(HttpCommandExecutor.java:142)
	at org.openqa.selenium.remote.service.DriverCommandExecutor.execute(DriverCommandExecutor.java:83)
	at org.openqa.selenium.remote.RemoteWebDriver.execute(RemoteWebDriver.java:586)
	at org.openqa.selenium.remote.RemoteWebDriver.startSession(RemoteWebDriver.java:217)
	at org.openqa.selenium.remote.RemoteWebDriver.<init>(RemoteWebDriver.java:140)
	at org.openqa.selenium.chrome.ChromeDriver.<init>(ChromeDriver.java:181)
	at org.openqa.selenium.chrome.ChromeDriver.<init>(ChromeDriver.java:168)
	at org.openqa.selenium.chrome.ChromeDriver.<init>(ChromeDriver.java:123)
	at com.training.utility.DriverFactory.getDriver(DriverFactory.java:24)
	at com.training.sanity.tests.LoginTests.setUp(LoginTests.java:35)
	at sun.reflect.NativeMethodAccessorImpl.invoke0(Native Method)
	at sun.reflect.NativeMethodAccessorImpl.invoke(Unknown Source)
	at sun.reflect.DelegatingMethodAccessorImpl.invoke(Unknown Source)
	at java.lang.reflect.Method.invoke(Unknown Source)
	at org.testng.internal.MethodInvocationHelper.invokeMethod(MethodInvocationHelper.java:108)
	at org.testng.internal.Invoker.invokeConfigurationMethod(Invoker.java:523)
	at org.testng.internal.Invoker.invokeConfigurations(Invoker.java:224)
	at org.testng.internal.Invoker.invokeMethod(Invoker.java:599)
	at org.testng.internal.Invoker.invokeTestMethod(Invoker.java:869)
	at org.testng.internal.Invoker.invokeTestMethods(Invoker.java:1193)
	at org.testng.internal.TestMethodWorker.invokeTestMethods(TestMethodWorker.java:126)
	at org.testng.internal.TestMethodWorker.run(TestMethodWorker.java:109)
	at org.testng.TestRunner.privateRun(TestRunner.java:744)
	at org.testng.TestRunner.run(TestRunner.java:602)
	at org.testng.SuiteRunner.runTest(SuiteRunner.java:380)
	at org.testng.SuiteRunner.runSequentially(SuiteRunner.java:375)
	at org.testng.SuiteRunner.privateRun(SuiteRunner.java:340)
	at org.testng.SuiteRunner.run(SuiteRunner.java:289)
	at org.testng.SuiteRunnerWorker.runSuite(SuiteRunnerWorker.java:52)
	at org.testng.SuiteRunnerWorker.run(SuiteRunnerWorker.java:86)
	at org.testng.TestNG.runSuitesSequentially(TestNG.java:1301)
	at org.testng.TestNG.runSuitesLocally(TestNG.java:1226)
	at org.testng.TestNG.runSuites(TestNG.java:1144)
	at org.testng.TestNG.run(TestNG.java:1115)
	at org.testng.remote.AbstractRemoteTestNG.run(AbstractRemoteTestNG.java:132)
	at org.testng.remote.RemoteTestNG.initAndRun(RemoteTestNG.java:236)
	at org.testng.remote.RemoteTestNG.main(RemoteTestNG.java:81)
]]>
    </failure>
  </testcase> <!-- @BeforeMethod setUp -->
  <testcase name="validLoginTest" time="0.0" classname="com.training.sanity.tests.LoginTests">
    <skipped/>
  </testcase> <!-- validLoginTest -->
</testsuite> <!-- Default test -->
